{
  "RSpec": {
    "coverage": {
      "/Users/michaelschats/Desktop/Projects/Bank_tech_test/lib/account.rb": {
        "lines": [
          1,
          1,
          null,
          1,
          1,
          null,
          1,
          0,
          0,
          0,
          0,
          null,
          null,
          1,
          0,
          0,
          0,
          null,
          null,
          1,
          0,
          0,
          0,
          null,
          null,
          1,
          0,
          null,
          null
        ]
      },
      "/Users/michaelschats/Desktop/Projects/Bank_tech_test/lib/transactions.rb": {
        "lines": [
          1,
          1,
          null,
          1,
          0,
          0,
          0,
          0,
          null,
          null
        ]
      },
      "/Users/michaelschats/Desktop/Projects/Bank_tech_test/lib/statement.rb": {
        "lines": [
          1,
          null,
          1,
          1,
          1,
          1,
          1,
          null,
          null,
          1,
          null,
          1,
          1,
          null,
          null,
          1,
          1,
          2,
          null,
          null,
          null,
          1,
          6,
          null,
          null
        ]
      },
      "/Users/michaelschats/Desktop/Projects/Bank_tech_test/spec/statement_spec.rb": {
        "lines": [
          1,
          1,
          null,
          1,
          2,
          2,
          1,
          1,
          null,
          1,
          1,
          null,
          null,
          1,
          1,
          1,
          1,
          null,
          null,
          null,
          null
        ]
      }
    },
    "timestamp": 1610546826
  }
}
